<?xml version="1.0" encoding="UTF-8"?>
<testsuite xmlns:xsi="http://www.w3.org/2001/XMLSchema-instance" xsi:noNamespaceSchemaLocation="https://maven.apache.org/surefire/maven-surefire-plugin/xsd/surefire-test-report.xsd" version="3.0.2" name="com.app.extractor.core.SearchTest" time="0.037" tests="2" errors="0" skipped="0" failures="0">
  <properties>
[...]
</properties>
  <testcase name="testRegexMatch" classname="com.app.extractor.core.SearchTest" time="0.019"/>
  <testcase name="testExactMatch" classname="com.app.extractor.core.SearchTest" time="0.001"/>
</testsuite>